<?xml version="1.0" encoding="UTF-8"?>
<!-- Generated by org.testng.reporters.JUnitXMLReporter -->
<testsuite hostname="Rahuls-MacBook-Pro.local" name="Default test" tests="2" failures="0" timestamp="25 Feb 2016 01:48:43 GMT" time="6.216" errors="0">
  <testcase name="checkAmountTextBoxForInvalidInput" time="0.323" classname="currencyConvertor.negativeTesting"/>
  <testcase name="checkOnlyNumericValuesAccepted" time="0.266" classname="currencyConvertor.negativeTesting"/>
</testsuite> <!-- Default test -->
