<?xml version="1.0" encoding="UTF-8"?>
<testng-results skipped="0" failed="0" total="2" passed="2">
  <reporter-output>
  </reporter-output>
  <suite name="Default suite" duration-ms="6216" started-at="2016-02-25T01:48:37Z" finished-at="2016-02-25T01:48:43Z">
    <groups>
    </groups>
    <test name="Default test" duration-ms="6216" started-at="2016-02-25T01:48:37Z" finished-at="2016-02-25T01:48:43Z">
      <class name="currencyConvertor.negativeTesting">
        <test-method status="PASS" signature="initializeBrowser()[pri:0, instance:currencyConvertor.negativeTesting@3f3afe78]" name="initializeBrowser" is-config="true" duration-ms="5609" started-at="2016-02-24T20:48:37Z" finished-at="2016-02-24T20:48:42Z">
          <reporter-output>
          </reporter-output>
        </test-method> <!-- initializeBrowser -->
        <test-method status="PASS" signature="checkAmountTextBoxForInvalidInput()[pri:2, instance:currencyConvertor.negativeTesting@3f3afe78]" name="checkAmountTextBoxForInvalidInput" duration-ms="323" started-at="2016-02-24T20:48:42Z" finished-at="2016-02-24T20:48:43Z">
          <reporter-output>
          </reporter-output>
        </test-method> <!-- checkAmountTextBoxForInvalidInput -->
        <test-method status="PASS" signature="checkOnlyNumericValuesAccepted()[pri:3, instance:currencyConvertor.negativeTesting@3f3afe78]" name="checkOnlyNumericValuesAccepted" duration-ms="266" started-at="2016-02-24T20:48:43Z" finished-at="2016-02-24T20:48:43Z">
          <reporter-output>
          </reporter-output>
        </test-method> <!-- checkOnlyNumericValuesAccepted -->
      </class> <!-- currencyConvertor.negativeTesting -->
    </test> <!-- Default test -->
  </suite> <!-- Default suite -->
</testng-results>
